2025/12/31 16:57:56 Starting RAFT node node2 at localhost:5002
2025/12/31 16:57:56 Peers: [localhost:5001 localhost:5003 localhost:5004 localhost:5005]
2025/12/31 16:57:56 [node2] Restored state from disk: Term=27, LogLen=10
2025/12/31 16:57:56 [node2] Replaying 10 log entries to restore state...
2025/12/31 16:57:56 [node2] Starting RAFT node at localhost:5002
2025/12/31 16:57:56 [node2] Peers: [localhost:5001 localhost:5003 localhost:5004 localhost:5005]
2025/12/31 16:57:56 Node node2 listening on localhost:5002
2025/12/31 16:57:56 [node2] Connected to peer localhost:5003
2025/12/31 16:57:56 [node2] Connected to peer localhost:5001
2025/12/31 16:57:56 [node2] Connected to peer localhost:5005
2025/12/31 16:57:56 [node2] Connected to peer localhost:5004
2025/12/31 16:57:56 [node2] Received RequestVote from node4 for term 28
2025/12/31 16:57:56 [node2] Becoming follower for term 28 (leader: )
2025/12/31 16:57:56 [node2] Granting vote to node4 for term 28
2025/12/31 16:57:56 [node2] Received RequestVote from node5 for term 28
2025/12/31 16:57:56 [node2] Rejecting vote: already voted for node4
2025/12/31 16:57:56 [node2] Received RequestVote from node5 for term 29
2025/12/31 16:57:56 [node2] Becoming follower for term 29 (leader: )
2025/12/31 16:57:56 [node2] Granting vote to node5 for term 29
2025/12/31 16:59:42 Shutting down node node2...
