2025/12/31 16:57:56 Starting RAFT node node4 at localhost:5004
2025/12/31 16:57:56 Peers: [localhost:5001 localhost:5002 localhost:5003 localhost:5005]
2025/12/31 16:57:56 [node4] Restored state from disk: Term=27, LogLen=10
2025/12/31 16:57:56 [node4] Replaying 10 log entries to restore state...
2025/12/31 16:57:56 [node4] Starting RAFT node at localhost:5004
2025/12/31 16:57:56 [node4] Peers: [localhost:5001 localhost:5002 localhost:5003 localhost:5005]
2025/12/31 16:57:56 Node node4 listening on localhost:5004
2025/12/31 16:57:56 [node4] Connected to peer localhost:5002
2025/12/31 16:57:56 [node4] Connected to peer localhost:5001
2025/12/31 16:57:56 [node4] Connected to peer localhost:5005
2025/12/31 16:57:56 [node4] Connected to peer localhost:5003
2025/12/31 16:57:56 [node4] Starting election for term 28
2025/12/31 16:57:56 [node4] RequestVote to localhost:5005 failed: rpc error: code = Unavailable desc = connection error: desc = "transport: Error while dialing: dial tcp [::1]:5005: connectex: No connection could be made because the target machine actively refused it."
2025/12/31 16:57:56 [node4] Received vote from localhost:5002 (total: 2/3)
2025/12/31 16:57:56 [node4] Received vote from localhost:5003 (total: 3/3)
2025/12/31 16:57:56 [node4] Becoming leader for term 28
2025/12/31 16:57:56 [node4] Received RequestVote from node5 for term 28
2025/12/31 16:57:56 [node4] Rejecting vote: already voted for node4
2025/12/31 16:57:56 [node4] Received RequestVote from node5 for term 29
2025/12/31 16:57:56 [node4] Becoming follower for term 29 (leader: )
2025/12/31 16:57:56 [node4] Granting vote to node5 for term 29
2025/12/31 16:59:42 Shutting down node node4...
